============================================================
Time  2020/05/11 10:40:13 026 
============================================================
[2020/05/11 10:40:13 027] isr        1659 isr loaded!  
[2020/05/11 10:40:13 027] isr        1642 SYS_MSG_REGCB param0 =   msp_status_cb  param1 =   func(e802f960) 
[2020/05/11 10:40:13 027] isr        1537 ASR_MSG_SSB  
[2020/05/11 10:40:13 027] isr        1066 session_begin() [in], params:   sub = iat, domain = iat, language = zh_cn, accent = mandarin, sample_rate = 16000, result_type = plain, result_encoding = utf8  nil  
[2020/05/11 10:40:13 027] isr        927  vad_set [in]  
[2020/05/11 10:40:13 027] isr        962  vad_enable :  true  
[2020/05/11 10:40:13 027] isr        980  vad_bos :  10000  
[2020/05/11 10:40:13 027] isr        981  vad_eos :  2000  
[2020/05/11 10:40:13 027] isr        886  enable_vad [in]  
[2020/05/11 10:40:13 027] isr        918  vad enabled!  2000  10000  
[2020/05/11 10:40:13 027] isr        921  enable_vad [out]  
[2020/05/11 10:40:13 027] isr        987  vad_set [out] | ret =  0  
[2020/05/11 10:40:13 027] isr        1187 cur_engine_type =   cloud  
[2020/05/11 10:40:13 027] isr        1001 cloud_session_begin  
[2020/05/11 10:40:13 027] isr        1013 unknown  
[2020/05/11 10:40:13 029] isr        1547 ASR_MSG_AUW,   cloud  
[2020/05/11 10:40:13 029] isr        1559 6400  1  
[2020/05/11 10:40:13 029] isr        1569 once_bytes:   6400  
[2020/05/11 10:40:13 031] isr        851  [aud] speech start  
[2020/05/11 10:40:13 031] isr        798  1  msc  
[2020/05/11 10:40:13 229] isr        1547 ASR_MSG_AUW,   cloud  
[2020/05/11 10:40:13 229] isr        1559 6400  2  
[2020/05/11 10:40:13 275] isr        700  cloud_status_cb, eps:  1  
[2020/05/11 10:40:13 275] isr        798  1  cloud  
[2020/05/11 10:40:13 276] isr        813  cloud eps ignored  
[2020/05/11 10:40:13 430] isr        1547 ASR_MSG_AUW,   cloud  
[2020/05/11 10:40:13 430] isr        1559 6400  2  
[2020/05/11 10:40:13 630] isr        1547 ASR_MSG_AUW,   cloud  
[2020/05/11 10:40:13 631] isr        1559 6400  2  
[2020/05/11 10:40:13 831] isr        1547 ASR_MSG_AUW,   cloud  
[2020/05/11 10:40:13 832] isr        1559 6400  2  
[2020/05/11 10:40:14 033] isr        1547 ASR_MSG_AUW,   cloud  
[2020/05/11 10:40:14 033] isr        1559 6400  2  
[2020/05/11 10:40:14 234] isr        1547 ASR_MSG_AUW,   cloud  
[2020/05/11 10:40:14 234] isr        1559 6400  2  
[2020/05/11 10:40:14 434] isr        1547 ASR_MSG_AUW,   cloud  
[2020/05/11 10:40:14 434] isr        1559 6400  2  
[2020/05/11 10:40:14 635] isr        1547 ASR_MSG_AUW,   cloud  
[2020/05/11 10:40:14 636] isr        1559 6400  2  
[2020/05/11 10:40:14 836] isr        1547 ASR_MSG_AUW,   cloud  
[2020/05/11 10:40:14 836] isr        1559 6400  2  
[2020/05/11 10:40:15 037] isr        1547 ASR_MSG_AUW,   cloud  
[2020/05/11 10:40:15 037] isr        1559 6400  2  
[2020/05/11 10:40:15 238] isr        1547 ASR_MSG_AUW,   cloud  
[2020/05/11 10:40:15 238] isr        1559 6400  2  
[2020/05/11 10:40:15 439] isr        1547 ASR_MSG_AUW,   cloud  
[2020/05/11 10:40:15 439] isr        1559 6400  2  
[2020/05/11 10:40:15 639] isr        1547 ASR_MSG_AUW,   cloud  
[2020/05/11 10:40:15 640] isr        1559 6400  2  
[2020/05/11 10:40:15 840] isr        1547 ASR_MSG_AUW,   cloud  
[2020/05/11 10:40:15 841] isr        1559 6400  2  
[2020/05/11 10:40:16 042] isr        1547 ASR_MSG_AUW,   cloud  
[2020/05/11 10:40:16 042] isr        1559 6400  2  
[2020/05/11 10:40:16 242] isr        1547 ASR_MSG_AUW,   cloud  
[2020/05/11 10:40:16 243] isr        1559 6400  2  
[2020/05/11 10:40:16 443] isr        1547 ASR_MSG_AUW,   cloud  
[2020/05/11 10:40:16 443] isr        1559 6400  2  
[2020/05/11 10:40:16 644] isr        1547 ASR_MSG_AUW,   cloud  
[2020/05/11 10:40:16 644] isr        1559 6400  2  
[2020/05/11 10:40:16 845] isr        1547 ASR_MSG_AUW,   cloud  
[2020/05/11 10:40:16 845] isr        1559 6400  2  
[2020/05/11 10:40:17 046] isr        1547 ASR_MSG_AUW,   cloud  
[2020/05/11 10:40:17 046] isr        1559 6400  2  
[2020/05/11 10:40:17 247] isr        1547 ASR_MSG_AUW,   cloud  
[2020/05/11 10:40:17 247] isr        1559 6400  2  
[2020/05/11 10:40:17 309] isr        662  cloud_rslt_cb status =   0  
[2020/05/11 10:40:17 309] isr        641  process_result call:  cloud  udata(e8035228) 0  nil  
[2020/05/11 10:40:17 448] isr        1547 ASR_MSG_AUW,   cloud  
[2020/05/11 10:40:17 448] isr        1559 7420  2  
[2020/05/11 10:40:17 649] isr        1547 ASR_MSG_AUW,   cloud  
[2020/05/11 10:40:17 650] isr        1559 0  4  
[2020/05/11 10:40:17 650] isr        1592 aud end, USER  
[2020/05/11 10:40:17 652] isr        854  [aud] speech end  
[2020/05/11 10:40:17 653] isr        798  3  msc  
[2020/05/11 10:40:17 654] isr        1636 ASR_MSG_GRSLT,   cloud  
[2020/05/11 10:40:17 654] isr        1335 0  udata(e8035228) 0  
[2020/05/11 10:40:17 701] isr        700  cloud_status_cb, eps:  3  
[2020/05/11 10:40:17 701] isr        798  3  cloud  
[2020/05/11 10:40:17 701] isr        800  already speech end  
[2020/05/11 10:40:17 706] isr        662  cloud_rslt_cb status =   5  
[2020/05/11 10:40:17 706] isr        641  process_result call:  cloud  udata(e8033b38) 5  nil  
[2020/05/11 10:40:17 706] isr        798  3  msc  
[2020/05/11 10:40:17 706] isr        800  already speech end  
[2020/05/11 10:40:17 805] isr        1636 ASR_MSG_GRSLT,   cloud  
[2020/05/11 10:40:17 805] isr        1335 0  udata(e8033b38) 5  
[2020/05/11 10:40:17 957] isr        1639 ASR_MSG_SSE,   cloud  
[2020/05/11 10:40:17 957] isr        1356 session_end() [in]  
[2020/05/11 10:40:17 957] isr        1421 cloud_session_end() [in]  
[2020/05/11 10:40:17 959] isr        1488 ns_host=  open.xf-yun.com  
[2020/05/11 10:40:17 960] isr        1498 tick()mod=  4401975  
[2020/05/11 10:40:17 960] isr        1499 tick()=  4401975  
[2020/05/11 10:40:17 960] isr        1501 diff=  4799  
[2020/05/11 10:40:17 960] isr        1514 cloud_session_end() [out]  
[2020/05/11 10:40:17 961] isr        1667 isr unload!  
============================================================
Time  2020/05/11 10:40:27 383 
============================================================
[2020/05/11 10:40:27 383] isr        1659 isr loaded!  
[2020/05/11 10:40:27 383] isr        1642 SYS_MSG_REGCB param0 =   msp_status_cb  param1 =   func(c4067bc0) 
[2020/05/11 10:40:27 383] isr        1537 ASR_MSG_SSB  
[2020/05/11 10:40:27 383] isr        1066 session_begin() [in], params:   sub = iat, domain = iat, language = zh_cn, accent = mandarin, sample_rate = 16000, result_type = plain, result_encoding = utf8  nil  
[2020/05/11 10:40:27 384] isr        927  vad_set [in]  
[2020/05/11 10:40:27 384] isr        962  vad_enable :  true  
[2020/05/11 10:40:27 384] isr        980  vad_bos :  10000  
[2020/05/11 10:40:27 384] isr        981  vad_eos :  2000  
[2020/05/11 10:40:27 384] isr        886  enable_vad [in]  
[2020/05/11 10:40:27 385] isr        918  vad enabled!  2000  10000  
[2020/05/11 10:40:27 385] isr        921  enable_vad [out]  
[2020/05/11 10:40:27 385] isr        987  vad_set [out] | ret =  0  
[2020/05/11 10:40:27 385] isr        1187 cur_engine_type =   cloud  
[2020/05/11 10:40:27 385] isr        1001 cloud_session_begin  
[2020/05/11 10:40:27 386] isr        1013 unknown  
[2020/05/11 10:40:27 391] isr        1547 ASR_MSG_AUW,   cloud  
[2020/05/11 10:40:27 391] isr        1559 6400  1  
[2020/05/11 10:40:27 391] isr        1569 once_bytes:   6400  
[2020/05/11 10:40:27 396] isr        851  [aud] speech start  
[2020/05/11 10:40:27 396] isr        798  1  msc  
[2020/05/11 10:40:27 591] isr        1547 ASR_MSG_AUW,   cloud  
[2020/05/11 10:40:27 591] isr        1559 6400  2  
[2020/05/11 10:40:27 648] isr        700  cloud_status_cb, eps:  1  
[2020/05/11 10:40:27 648] isr        798  1  cloud  
[2020/05/11 10:40:27 648] isr        813  cloud eps ignored  
[2020/05/11 10:40:27 792] isr        1547 ASR_MSG_AUW,   cloud  
[2020/05/11 10:40:27 792] isr        1559 6400  2  
[2020/05/11 10:40:27 993] isr        1547 ASR_MSG_AUW,   cloud  
[2020/05/11 10:40:27 993] isr        1559 6400  2  
[2020/05/11 10:40:28 194] isr        1547 ASR_MSG_AUW,   cloud  
[2020/05/11 10:40:28 194] isr        1559 6400  2  
[2020/05/11 10:40:28 395] isr        1547 ASR_MSG_AUW,   cloud  
[2020/05/11 10:40:28 395] isr        1559 6400  2  
[2020/05/11 10:40:28 596] isr        1547 ASR_MSG_AUW,   cloud  
[2020/05/11 10:40:28 597] isr        1559 6400  2  
[2020/05/11 10:40:28 797] isr        1547 ASR_MSG_AUW,   cloud  
[2020/05/11 10:40:28 798] isr        1559 6400  2  
[2020/05/11 10:40:28 998] isr        1547 ASR_MSG_AUW,   cloud  
[2020/05/11 10:40:28 999] isr        1559 6400  2  
[2020/05/11 10:40:29 199] isr        1547 ASR_MSG_AUW,   cloud  
[2020/05/11 10:40:29 199] isr        1559 6400  2  
[2020/05/11 10:40:29 400] isr        1547 ASR_MSG_AUW,   cloud  
[2020/05/11 10:40:29 400] isr        1559 6400  2  
[2020/05/11 10:40:29 601] isr        1547 ASR_MSG_AUW,   cloud  
[2020/05/11 10:40:29 601] isr        1559 6400  2  
[2020/05/11 10:40:29 802] isr        1547 ASR_MSG_AUW,   cloud  
[2020/05/11 10:40:29 802] isr        1559 6400  2  
[2020/05/11 10:40:30 002] isr        1547 ASR_MSG_AUW,   cloud  
[2020/05/11 10:40:30 002] isr        1559 6400  2  
[2020/05/11 10:40:30 203] isr        1547 ASR_MSG_AUW,   cloud  
[2020/05/11 10:40:30 203] isr        1559 6400  2  
[2020/05/11 10:40:30 404] isr        1547 ASR_MSG_AUW,   cloud  
[2020/05/11 10:40:30 405] isr        1559 6400  2  
[2020/05/11 10:40:30 605] isr        1547 ASR_MSG_AUW,   cloud  
[2020/05/11 10:40:30 605] isr        1559 6400  2  
[2020/05/11 10:40:30 806] isr        1547 ASR_MSG_AUW,   cloud  
[2020/05/11 10:40:30 806] isr        1559 6400  2  
[2020/05/11 10:40:31 007] isr        1547 ASR_MSG_AUW,   cloud  
[2020/05/11 10:40:31 007] isr        1559 6400  2  
[2020/05/11 10:40:31 208] isr        1547 ASR_MSG_AUW,   cloud  
[2020/05/11 10:40:31 208] isr        1559 6400  2  
[2020/05/11 10:40:31 410] isr        1547 ASR_MSG_AUW,   cloud  
[2020/05/11 10:40:31 410] isr        1559 6400  2  
[2020/05/11 10:40:31 611] isr        1547 ASR_MSG_AUW,   cloud  
[2020/05/11 10:40:31 611] isr        1559 6400  2  
[2020/05/11 10:40:31 670] isr        662  cloud_rslt_cb status =   0  
[2020/05/11 10:40:31 670] isr        641  process_result call:  cloud  udata(c4065798) 0  nil  
[2020/05/11 10:40:31 812] isr        1547 ASR_MSG_AUW,   cloud  
[2020/05/11 10:40:31 812] isr        1559 7420  2  
[2020/05/11 10:40:32 013] isr        1547 ASR_MSG_AUW,   cloud  
[2020/05/11 10:40:32 013] isr        1559 0  4  
[2020/05/11 10:40:32 014] isr        1592 aud end, USER  
[2020/05/11 10:40:32 017] isr        854  [aud] speech end  
[2020/05/11 10:40:32 017] isr        798  3  msc  
[2020/05/11 10:40:32 018] isr        1636 ASR_MSG_GRSLT,   cloud  
[2020/05/11 10:40:32 018] isr        1335 0  udata(c4065798) 0  
[2020/05/11 10:40:32 070] isr        700  cloud_status_cb, eps:  3  
[2020/05/11 10:40:32 070] isr        798  3  cloud  
[2020/05/11 10:40:32 070] isr        800  already speech end  
[2020/05/11 10:40:32 074] isr        662  cloud_rslt_cb status =   5  
[2020/05/11 10:40:32 074] isr        641  process_result call:  cloud  udata(c4065a48) 5  nil  
[2020/05/11 10:40:32 074] isr        798  3  msc  
[2020/05/11 10:40:32 074] isr        800  already speech end  
[2020/05/11 10:40:32 169] isr        1636 ASR_MSG_GRSLT,   cloud  
[2020/05/11 10:40:32 169] isr        1335 0  udata(c4065a48) 5  
[2020/05/11 10:40:32 321] isr        1639 ASR_MSG_SSE,   cloud  
[2020/05/11 10:40:32 321] isr        1356 session_end() [in]  
[2020/05/11 10:40:32 321] isr        1421 cloud_session_end() [in]  
[2020/05/11 10:40:32 324] isr        1488 ns_host=  open.xf-yun.com  
[2020/05/11 10:40:32 324] isr        1498 tick()mod=  4416340  
[2020/05/11 10:40:32 325] isr        1499 tick()=  4416340  
[2020/05/11 10:40:32 325] isr        1501 diff=  4832  
[2020/05/11 10:40:32 325] isr        1514 cloud_session_end() [out]  
[2020/05/11 10:40:32 326] isr        1667 isr unload!  
============================================================
Time  2020/05/11 10:40:59 796 
============================================================
[2020/05/11 10:40:59 796] isr        1659 isr loaded!  
[2020/05/11 10:40:59 796] isr        1642 SYS_MSG_REGCB param0 =   msp_status_cb  param1 =   func(84067bc0) 
[2020/05/11 10:40:59 796] isr        1537 ASR_MSG_SSB  
[2020/05/11 10:40:59 797] isr        1066 session_begin() [in], params:   sub = iat, domain = iat, language = zh_cn, accent = mandarin, sample_rate = 16000, result_type = plain, result_encoding = utf8  nil  
[2020/05/11 10:40:59 797] isr        927  vad_set [in]  
[2020/05/11 10:40:59 797] isr        962  vad_enable :  true  
[2020/05/11 10:40:59 797] isr        980  vad_bos :  10000  
[2020/05/11 10:40:59 797] isr        981  vad_eos :  2000  
[2020/05/11 10:40:59 797] isr        886  enable_vad [in]  
[2020/05/11 10:40:59 799] isr        918  vad enabled!  2000  10000  
[2020/05/11 10:40:59 799] isr        921  enable_vad [out]  
[2020/05/11 10:40:59 799] isr        987  vad_set [out] | ret =  0  
[2020/05/11 10:40:59 799] isr        1187 cur_engine_type =   cloud  
[2020/05/11 10:40:59 799] isr        1001 cloud_session_begin  
[2020/05/11 10:40:59 799] isr        1013 unknown  
[2020/05/11 10:40:59 806] isr        1547 ASR_MSG_AUW,   cloud  
[2020/05/11 10:40:59 806] isr        1559 6400  1  
[2020/05/11 10:40:59 806] isr        1569 once_bytes:   6400  
[2020/05/11 10:40:59 814] isr        851  [aud] speech start  
[2020/05/11 10:40:59 814] isr        798  1  msc  
[2020/05/11 10:41:00 007] isr        1547 ASR_MSG_AUW,   cloud  
[2020/05/11 10:41:00 007] isr        1559 6400  2  
[2020/05/11 10:41:00 208] isr        1547 ASR_MSG_AUW,   cloud  
[2020/05/11 10:41:00 208] isr        1559 6400  2  
[2020/05/11 10:41:00 249] isr        700  cloud_status_cb, eps:  1  
[2020/05/11 10:41:00 249] isr        798  1  cloud  
[2020/05/11 10:41:00 249] isr        813  cloud eps ignored  
[2020/05/11 10:41:00 409] isr        1547 ASR_MSG_AUW,   cloud  
[2020/05/11 10:41:00 409] isr        1559 6400  2  
[2020/05/11 10:41:00 610] isr        1547 ASR_MSG_AUW,   cloud  
[2020/05/11 10:41:00 611] isr        1559 6400  2  
[2020/05/11 10:41:00 812] isr        1547 ASR_MSG_AUW,   cloud  
[2020/05/11 10:41:00 812] isr        1559 6400  2  
[2020/05/11 10:41:01 013] isr        1547 ASR_MSG_AUW,   cloud  
[2020/05/11 10:41:01 013] isr        1559 6400  2  
[2020/05/11 10:41:01 214] isr        1547 ASR_MSG_AUW,   cloud  
[2020/05/11 10:41:01 214] isr        1559 6400  2  
[2020/05/11 10:41:01 415] isr        1547 ASR_MSG_AUW,   cloud  
[2020/05/11 10:41:01 415] isr        1559 6400  2  
[2020/05/11 10:41:01 616] isr        1547 ASR_MSG_AUW,   cloud  
[2020/05/11 10:41:01 616] isr        1559 6400  2  
[2020/05/11 10:41:01 816] isr        1547 ASR_MSG_AUW,   cloud  
[2020/05/11 10:41:01 817] isr        1559 6400  2  
[2020/05/11 10:41:02 017] isr        1547 ASR_MSG_AUW,   cloud  
[2020/05/11 10:41:02 017] isr        1559 6400  2  
[2020/05/11 10:41:02 218] isr        1547 ASR_MSG_AUW,   cloud  
[2020/05/11 10:41:02 218] isr        1559 6400  2  
[2020/05/11 10:41:02 419] isr        1547 ASR_MSG_AUW,   cloud  
[2020/05/11 10:41:02 419] isr        1559 6400  2  
[2020/05/11 10:41:02 619] isr        1547 ASR_MSG_AUW,   cloud  
[2020/05/11 10:41:02 620] isr        1559 6400  2  
[2020/05/11 10:41:02 821] isr        1547 ASR_MSG_AUW,   cloud  
[2020/05/11 10:41:02 821] isr        1559 6400  2  
[2020/05/11 10:41:03 022] isr        1547 ASR_MSG_AUW,   cloud  
[2020/05/11 10:41:03 022] isr        1559 6400  2  
[2020/05/11 10:41:03 222] isr        1547 ASR_MSG_AUW,   cloud  
[2020/05/11 10:41:03 222] isr        1559 6400  2  
[2020/05/11 10:41:03 423] isr        1547 ASR_MSG_AUW,   cloud  
[2020/05/11 10:41:03 423] isr        1559 6400  2  
[2020/05/11 10:41:03 624] isr        1547 ASR_MSG_AUW,   cloud  
[2020/05/11 10:41:03 625] isr        1559 6400  2  
[2020/05/11 10:41:03 825] isr        1547 ASR_MSG_AUW,   cloud  
[2020/05/11 10:41:03 826] isr        1559 6400  2  
[2020/05/11 10:41:04 026] isr        1547 ASR_MSG_AUW,   cloud  
[2020/05/11 10:41:04 026] isr        1559 6400  2  
[2020/05/11 10:41:04 087] isr        662  cloud_rslt_cb status =   0  
[2020/05/11 10:41:04 087] isr        641  process_result call:  cloud  udata(84044478) 0  nil  
[2020/05/11 10:41:04 227] isr        1547 ASR_MSG_AUW,   cloud  
[2020/05/11 10:41:04 227] isr        1559 7420  2  
[2020/05/11 10:41:04 428] isr        1547 ASR_MSG_AUW,   cloud  
[2020/05/11 10:41:04 428] isr        1559 0  4  
[2020/05/11 10:41:04 428] isr        1592 aud end, USER  
[2020/05/11 10:41:04 430] isr        854  [aud] speech end  
[2020/05/11 10:41:04 431] isr        798  3  msc  
[2020/05/11 10:41:04 432] isr        1636 ASR_MSG_GRSLT,   cloud  
[2020/05/11 10:41:04 432] isr        1335 0  udata(84044478) 0  
[2020/05/11 10:41:04 476] isr        700  cloud_status_cb, eps:  3  
[2020/05/11 10:41:04 476] isr        798  3  cloud  
[2020/05/11 10:41:04 476] isr        800  already speech end  
[2020/05/11 10:41:04 480] isr        662  cloud_rslt_cb status =   5  
[2020/05/11 10:41:04 480] isr        641  process_result call:  cloud  udata(84044878) 5  nil  
[2020/05/11 10:41:04 480] isr        798  3  msc  
[2020/05/11 10:41:04 481] isr        800  already speech end  
[2020/05/11 10:41:04 584] isr        1636 ASR_MSG_GRSLT,   cloud  
[2020/05/11 10:41:04 584] isr        1335 0  udata(84044878) 5  
[2020/05/11 10:41:04 735] isr        1639 ASR_MSG_SSE,   cloud  
[2020/05/11 10:41:04 736] isr        1356 session_end() [in]  
[2020/05/11 10:41:04 736] isr        1421 cloud_session_end() [in]  
[2020/05/11 10:41:04 738] isr        1488 ns_host=  open.xf-yun.com  
[2020/05/11 10:41:04 738] isr        1498 tick()mod=  4448754  
[2020/05/11 10:41:04 739] isr        1499 tick()=  4448754  
[2020/05/11 10:41:04 739] isr        1501 diff=  4829  
[2020/05/11 10:41:04 739] isr        1514 cloud_session_end() [out]  
[2020/05/11 10:41:04 740] isr        1667 isr unload!  
============================================================
Time  2020/05/11 10:41:09 608 
============================================================
[2020/05/11 10:41:09 608] isr        1659 isr loaded!  
[2020/05/11 10:41:09 608] isr        1642 SYS_MSG_REGCB param0 =   msp_status_cb  param1 =   func(9802f120) 
[2020/05/11 10:41:09 609] isr        1537 ASR_MSG_SSB  
[2020/05/11 10:41:09 609] isr        1066 session_begin() [in], params:   sub = iat, domain = iat, language = zh_cn, accent = mandarin, sample_rate = 16000, result_type = plain, result_encoding = utf8  nil  
[2020/05/11 10:41:09 609] isr        927  vad_set [in]  
[2020/05/11 10:41:09 609] isr        962  vad_enable :  true  
[2020/05/11 10:41:09 609] isr        980  vad_bos :  10000  
[2020/05/11 10:41:09 609] isr        981  vad_eos :  2000  
[2020/05/11 10:41:09 609] isr        886  enable_vad [in]  
[2020/05/11 10:41:09 610] isr        918  vad enabled!  2000  10000  
[2020/05/11 10:41:09 611] isr        921  enable_vad [out]  
[2020/05/11 10:41:09 611] isr        987  vad_set [out] | ret =  0  
[2020/05/11 10:41:09 611] isr        1187 cur_engine_type =   cloud  
[2020/05/11 10:41:09 611] isr        1001 cloud_session_begin  
[2020/05/11 10:41:09 611] isr        1013 unknown  
[2020/05/11 10:41:09 620] isr        1547 ASR_MSG_AUW,   cloud  
[2020/05/11 10:41:09 620] isr        1559 6400  1  
[2020/05/11 10:41:09 620] isr        1569 once_bytes:   6400  
[2020/05/11 10:41:09 627] isr        851  [aud] speech start  
[2020/05/11 10:41:09 627] isr        798  1  msc  
[2020/05/11 10:41:09 821] isr        1547 ASR_MSG_AUW,   cloud  
[2020/05/11 10:41:09 821] isr        1559 6400  2  
[2020/05/11 10:41:09 877] isr        700  cloud_status_cb, eps:  1  
[2020/05/11 10:41:09 877] isr        798  1  cloud  
[2020/05/11 10:41:09 878] isr        813  cloud eps ignored  
[2020/05/11 10:41:10 021] isr        1547 ASR_MSG_AUW,   cloud  
[2020/05/11 10:41:10 022] isr        1559 6400  2  
[2020/05/11 10:41:10 223] isr        1547 ASR_MSG_AUW,   cloud  
[2020/05/11 10:41:10 223] isr        1559 6400  2  
[2020/05/11 10:41:10 423] isr        1547 ASR_MSG_AUW,   cloud  
[2020/05/11 10:41:10 424] isr        1559 6400  2  
[2020/05/11 10:41:10 624] isr        1547 ASR_MSG_AUW,   cloud  
[2020/05/11 10:41:10 624] isr        1559 6400  2  
[2020/05/11 10:41:10 825] isr        1547 ASR_MSG_AUW,   cloud  
[2020/05/11 10:41:10 825] isr        1559 6400  2  
[2020/05/11 10:41:11 025] isr        1547 ASR_MSG_AUW,   cloud  
[2020/05/11 10:41:11 025] isr        1559 6400  2  
[2020/05/11 10:41:11 226] isr        1547 ASR_MSG_AUW,   cloud  
[2020/05/11 10:41:11 227] isr        1559 6400  2  
[2020/05/11 10:41:11 428] isr        1547 ASR_MSG_AUW,   cloud  
[2020/05/11 10:41:11 428] isr        1559 6400  2  
[2020/05/11 10:41:11 629] isr        1547 ASR_MSG_AUW,   cloud  
[2020/05/11 10:41:11 629] isr        1559 6400  2  
[2020/05/11 10:41:11 830] isr        1547 ASR_MSG_AUW,   cloud  
[2020/05/11 10:41:11 830] isr        1559 6400  2  
[2020/05/11 10:41:12 030] isr        1547 ASR_MSG_AUW,   cloud  
[2020/05/11 10:41:12 030] isr        1559 6400  2  
[2020/05/11 10:41:12 231] isr        1547 ASR_MSG_AUW,   cloud  
[2020/05/11 10:41:12 232] isr        1559 6400  2  
[2020/05/11 10:41:12 433] isr        1547 ASR_MSG_AUW,   cloud  
[2020/05/11 10:41:12 433] isr        1559 6400  2  
[2020/05/11 10:41:12 633] isr        1547 ASR_MSG_AUW,   cloud  
[2020/05/11 10:41:12 633] isr        1559 6400  2  
[2020/05/11 10:41:12 834] isr        1547 ASR_MSG_AUW,   cloud  
[2020/05/11 10:41:12 835] isr        1559 6400  2  
[2020/05/11 10:41:13 036] isr        1547 ASR_MSG_AUW,   cloud  
[2020/05/11 10:41:13 036] isr        1559 6400  2  
[2020/05/11 10:41:13 237] isr        1547 ASR_MSG_AUW,   cloud  
[2020/05/11 10:41:13 237] isr        1559 6400  2  
[2020/05/11 10:41:13 437] isr        1547 ASR_MSG_AUW,   cloud  
[2020/05/11 10:41:13 438] isr        1559 6400  2  
[2020/05/11 10:41:13 638] isr        1547 ASR_MSG_AUW,   cloud  
[2020/05/11 10:41:13 639] isr        1559 6400  2  
[2020/05/11 10:41:13 840] isr        1547 ASR_MSG_AUW,   cloud  
[2020/05/11 10:41:13 840] isr        1559 6400  2  
[2020/05/11 10:41:13 898] isr        662  cloud_rslt_cb status =   0  
[2020/05/11 10:41:13 898] isr        641  process_result call:  cloud  udata(9805df78) 0  nil  
[2020/05/11 10:41:14 041] isr        1547 ASR_MSG_AUW,   cloud  
[2020/05/11 10:41:14 041] isr        1559 7420  2  
[2020/05/11 10:41:14 241] isr        1547 ASR_MSG_AUW,   cloud  
[2020/05/11 10:41:14 242] isr        1559 0  4  
[2020/05/11 10:41:14 242] isr        1592 aud end, USER  
[2020/05/11 10:41:14 244] isr        854  [aud] speech end  
[2020/05/11 10:41:14 245] isr        798  3  msc  
[2020/05/11 10:41:14 246] isr        1636 ASR_MSG_GRSLT,   cloud  
[2020/05/11 10:41:14 246] isr        1335 0  udata(9805df78) 0  
[2020/05/11 10:41:14 287] isr        700  cloud_status_cb, eps:  3  
[2020/05/11 10:41:14 288] isr        798  3  cloud  
[2020/05/11 10:41:14 288] isr        800  already speech end  
[2020/05/11 10:41:14 292] isr        662  cloud_rslt_cb status =   5  
[2020/05/11 10:41:14 292] isr        641  process_result call:  cloud  udata(98033648) 5  nil  
[2020/05/11 10:41:14 292] isr        798  3  msc  
[2020/05/11 10:41:14 292] isr        800  already speech end  
[2020/05/11 10:41:14 397] isr        1636 ASR_MSG_GRSLT,   cloud  
[2020/05/11 10:41:14 397] isr        1335 0  udata(98033648) 5  
[2020/05/11 10:41:14 549] isr        1639 ASR_MSG_SSE,   cloud  
[2020/05/11 10:41:14 549] isr        1356 session_end() [in]  
[2020/05/11 10:41:14 549] isr        1421 cloud_session_end() [in]  
[2020/05/11 10:41:14 551] isr        1488 ns_host=  open.xf-yun.com  
[2020/05/11 10:41:14 552] isr        1498 tick()mod=  4458567  
[2020/05/11 10:41:14 552] isr        1499 tick()=  4458567  
[2020/05/11 10:41:14 552] isr        1501 diff=  4829  
[2020/05/11 10:41:14 552] isr        1514 cloud_session_end() [out]  
[2020/05/11 10:41:14 552] isr        1667 isr unload!  
============================================================
Time  2020/05/11 10:42:53 561 
============================================================
[2020/05/11 10:42:53 561] isr        1659 isr loaded!  
[2020/05/11 10:42:53 561] isr        1642 SYS_MSG_REGCB param0 =   msp_status_cb  param1 =   func(48078100) 
[2020/05/11 10:42:53 562] isr        1537 ASR_MSG_SSB  
[2020/05/11 10:42:53 562] isr        1066 session_begin() [in], params:   sub = iat, domain = iat, language = zh_cn, accent = mandarin, sample_rate = 16000, result_type = plain, result_encoding = utf8  nil  
[2020/05/11 10:42:53 562] isr        927  vad_set [in]  
[2020/05/11 10:42:53 562] isr        962  vad_enable :  true  
[2020/05/11 10:42:53 562] isr        980  vad_bos :  10000  
[2020/05/11 10:42:53 562] isr        981  vad_eos :  2000  
[2020/05/11 10:42:53 562] isr        886  enable_vad [in]  
[2020/05/11 10:42:53 564] isr        918  vad enabled!  2000  10000  
[2020/05/11 10:42:53 564] isr        921  enable_vad [out]  
[2020/05/11 10:42:53 564] isr        987  vad_set [out] | ret =  0  
[2020/05/11 10:42:53 564] isr        1187 cur_engine_type =   cloud  
[2020/05/11 10:42:53 564] isr        1001 cloud_session_begin  
[2020/05/11 10:42:53 564] isr        1013 unknown  
[2020/05/11 10:42:53 569] isr        1547 ASR_MSG_AUW,   cloud  
[2020/05/11 10:42:53 569] isr        1559 6400  1  
[2020/05/11 10:42:53 569] isr        1569 once_bytes:   6400  
[2020/05/11 10:42:53 589] isr        851  [aud] speech start  
[2020/05/11 10:42:53 589] isr        798  1  msc  
[2020/05/11 10:42:53 770] isr        1547 ASR_MSG_AUW,   cloud  
[2020/05/11 10:42:53 770] isr        1559 6400  2  
[2020/05/11 10:42:53 820] isr        700  cloud_status_cb, eps:  1  
[2020/05/11 10:42:53 820] isr        798  1  cloud  
[2020/05/11 10:42:53 820] isr        813  cloud eps ignored  
[2020/05/11 10:42:53 971] isr        1547 ASR_MSG_AUW,   cloud  
[2020/05/11 10:42:53 971] isr        1559 6400  2  
[2020/05/11 10:42:54 172] isr        1547 ASR_MSG_AUW,   cloud  
[2020/05/11 10:42:54 172] isr        1559 6400  2  
[2020/05/11 10:42:54 373] isr        1547 ASR_MSG_AUW,   cloud  
[2020/05/11 10:42:54 373] isr        1559 6400  2  
[2020/05/11 10:42:54 574] isr        1547 ASR_MSG_AUW,   cloud  
[2020/05/11 10:42:54 574] isr        1559 6400  2  
[2020/05/11 10:42:54 775] isr        1547 ASR_MSG_AUW,   cloud  
[2020/05/11 10:42:54 775] isr        1559 6400  2  
[2020/05/11 10:42:54 976] isr        1547 ASR_MSG_AUW,   cloud  
[2020/05/11 10:42:54 976] isr        1559 6400  2  
[2020/05/11 10:42:55 177] isr        1547 ASR_MSG_AUW,   cloud  
[2020/05/11 10:42:55 177] isr        1559 6400  2  
[2020/05/11 10:42:55 377] isr        1547 ASR_MSG_AUW,   cloud  
[2020/05/11 10:42:55 378] isr        1559 6400  2  
[2020/05/11 10:42:55 578] isr        1547 ASR_MSG_AUW,   cloud  
[2020/05/11 10:42:55 578] isr        1559 6400  2  
[2020/05/11 10:42:55 779] isr        1547 ASR_MSG_AUW,   cloud  
[2020/05/11 10:42:55 779] isr        1559 6400  2  
[2020/05/11 10:42:55 980] isr        1547 ASR_MSG_AUW,   cloud  
[2020/05/11 10:42:55 980] isr        1559 6400  2  
[2020/05/11 10:42:56 181] isr        1547 ASR_MSG_AUW,   cloud  
[2020/05/11 10:42:56 181] isr        1559 6400  2  
[2020/05/11 10:42:56 382] isr        1547 ASR_MSG_AUW,   cloud  
[2020/05/11 10:42:56 382] isr        1559 6400  2  
[2020/05/11 10:42:56 582] isr        1547 ASR_MSG_AUW,   cloud  
[2020/05/11 10:42:56 582] isr        1559 6400  2  
[2020/05/11 10:42:56 783] isr        1547 ASR_MSG_AUW,   cloud  
[2020/05/11 10:42:56 783] isr        1559 6400  2  
[2020/05/11 10:42:56 983] isr        1547 ASR_MSG_AUW,   cloud  
[2020/05/11 10:42:56 984] isr        1559 6400  2  
[2020/05/11 10:42:57 185] isr        1547 ASR_MSG_AUW,   cloud  
[2020/05/11 10:42:57 185] isr        1559 6400  2  
[2020/05/11 10:42:57 385] isr        1547 ASR_MSG_AUW,   cloud  
[2020/05/11 10:42:57 385] isr        1559 6400  2  
[2020/05/11 10:42:57 586] isr        1547 ASR_MSG_AUW,   cloud  
[2020/05/11 10:42:57 586] isr        1559 6400  2  
[2020/05/11 10:42:57 787] isr        1547 ASR_MSG_AUW,   cloud  
[2020/05/11 10:42:57 788] isr        1559 6400  2  
[2020/05/11 10:42:57 845] isr        662  cloud_rslt_cb status =   0  
[2020/05/11 10:42:57 845] isr        641  process_result call:  cloud  udata(48007558) 0  nil  
[2020/05/11 10:42:57 988] isr        1547 ASR_MSG_AUW,   cloud  
[2020/05/11 10:42:57 988] isr        1559 7420  2  
[2020/05/11 10:42:58 190] isr        1547 ASR_MSG_AUW,   cloud  
[2020/05/11 10:42:58 190] isr        1559 0  4  
[2020/05/11 10:42:58 190] isr        1592 aud end, USER  
[2020/05/11 10:42:58 192] isr        854  [aud] speech end  
[2020/05/11 10:42:58 193] isr        798  3  msc  
[2020/05/11 10:42:58 194] isr        1636 ASR_MSG_GRSLT,   cloud  
[2020/05/11 10:42:58 194] isr        1335 0  udata(48007558) 0  
[2020/05/11 10:42:58 234] isr        700  cloud_status_cb, eps:  3  
[2020/05/11 10:42:58 234] isr        798  3  cloud  
[2020/05/11 10:42:58 234] isr        800  already speech end  
[2020/05/11 10:42:58 239] isr        662  cloud_rslt_cb status =   5  
[2020/05/11 10:42:58 239] isr        641  process_result call:  cloud  udata(48007b88) 5  nil  
[2020/05/11 10:42:58 239] isr        798  3  msc  
[2020/05/11 10:42:58 239] isr        800  already speech end  
[2020/05/11 10:42:58 345] isr        1636 ASR_MSG_GRSLT,   cloud  
[2020/05/11 10:42:58 345] isr        1335 0  udata(48007b88) 5  
[2020/05/11 10:42:58 497] isr        1639 ASR_MSG_SSE,   cloud  
[2020/05/11 10:42:58 497] isr        1356 session_end() [in]  
[2020/05/11 10:42:58 497] isr        1421 cloud_session_end() [in]  
[2020/05/11 10:42:58 499] isr        1488 ns_host=  open.xf-yun.com  
[2020/05/11 10:42:58 499] isr        1498 tick()mod=  4562515  
[2020/05/11 10:42:58 500] isr        1499 tick()=  4562515  
[2020/05/11 10:42:58 500] isr        1501 diff=  4818  
[2020/05/11 10:42:58 500] isr        1514 cloud_session_end() [out]  
[2020/05/11 10:42:58 501] isr        1667 isr unload!  
============================================================
Time  2020/05/11 10:43:20 587 
============================================================
[2020/05/11 10:43:20 587] isr        1659 isr loaded!  
[2020/05/11 10:43:20 588] isr        1642 SYS_MSG_REGCB param0 =   msp_status_cb  param1 =   func(cc00b1e0) 
[2020/05/11 10:43:20 588] isr        1537 ASR_MSG_SSB  
[2020/05/11 10:43:20 588] isr        1066 session_begin() [in], params:   sub = iat, domain = iat, language = zh_cn, accent = mandarin, sample_rate = 16000, result_type = plain, result_encoding = utf8  nil  
[2020/05/11 10:43:20 589] isr        927  vad_set [in]  
[2020/05/11 10:43:20 589] isr        962  vad_enable :  true  
[2020/05/11 10:43:20 589] isr        980  vad_bos :  10000  
[2020/05/11 10:43:20 589] isr        981  vad_eos :  2000  
[2020/05/11 10:43:20 589] isr        886  enable_vad [in]  
[2020/05/11 10:43:20 591] isr        918  vad enabled!  2000  10000  
[2020/05/11 10:43:20 591] isr        921  enable_vad [out]  
[2020/05/11 10:43:20 591] isr        987  vad_set [out] | ret =  0  
[2020/05/11 10:43:20 591] isr        1187 cur_engine_type =   cloud  
[2020/05/11 10:43:20 591] isr        1001 cloud_session_begin  
[2020/05/11 10:43:20 591] isr        1013 unknown  
[2020/05/11 10:43:20 597] isr        1547 ASR_MSG_AUW,   cloud  
[2020/05/11 10:43:20 597] isr        1559 6400  1  
[2020/05/11 10:43:20 597] isr        1569 once_bytes:   6400  
[2020/05/11 10:43:20 622] isr        851  [aud] speech start  
[2020/05/11 10:43:20 623] isr        798  1  msc  
[2020/05/11 10:43:20 798] isr        1547 ASR_MSG_AUW,   cloud  
[2020/05/11 10:43:20 798] isr        1559 6400  2  
[2020/05/11 10:43:20 857] isr        700  cloud_status_cb, eps:  1  
[2020/05/11 10:43:20 857] isr        798  1  cloud  
[2020/05/11 10:43:20 857] isr        813  cloud eps ignored  
[2020/05/11 10:43:20 998] isr        1547 ASR_MSG_AUW,   cloud  
[2020/05/11 10:43:20 999] isr        1559 6400  2  
[2020/05/11 10:43:21 199] isr        1547 ASR_MSG_AUW,   cloud  
[2020/05/11 10:43:21 199] isr        1559 6400  2  
[2020/05/11 10:43:21 400] isr        1547 ASR_MSG_AUW,   cloud  
[2020/05/11 10:43:21 400] isr        1559 6400  2  
[2020/05/11 10:43:21 601] isr        1547 ASR_MSG_AUW,   cloud  
[2020/05/11 10:43:21 601] isr        1559 6400  2  
[2020/05/11 10:43:21 802] isr        1547 ASR_MSG_AUW,   cloud  
[2020/05/11 10:43:21 802] isr        1559 6400  2  
[2020/05/11 10:43:22 003] isr        1547 ASR_MSG_AUW,   cloud  
[2020/05/11 10:43:22 003] isr        1559 6400  2  
[2020/05/11 10:43:22 204] isr        1547 ASR_MSG_AUW,   cloud  
[2020/05/11 10:43:22 204] isr        1559 6400  2  
[2020/05/11 10:43:22 405] isr        1547 ASR_MSG_AUW,   cloud  
[2020/05/11 10:43:22 405] isr        1559 6400  2  
[2020/05/11 10:43:22 605] isr        1547 ASR_MSG_AUW,   cloud  
[2020/05/11 10:43:22 606] isr        1559 6400  2  
[2020/05/11 10:43:22 807] isr        1547 ASR_MSG_AUW,   cloud  
[2020/05/11 10:43:22 807] isr        1559 6400  2  
[2020/05/11 10:43:23 008] isr        1547 ASR_MSG_AUW,   cloud  
[2020/05/11 10:43:23 008] isr        1559 6400  2  
[2020/05/11 10:43:23 209] isr        1547 ASR_MSG_AUW,   cloud  
[2020/05/11 10:43:23 209] isr        1559 6400  2  
[2020/05/11 10:43:23 410] isr        1547 ASR_MSG_AUW,   cloud  
[2020/05/11 10:43:23 410] isr        1559 6400  2  
[2020/05/11 10:43:23 611] isr        1547 ASR_MSG_AUW,   cloud  
[2020/05/11 10:43:23 611] isr        1559 6400  2  
[2020/05/11 10:43:23 812] isr        1547 ASR_MSG_AUW,   cloud  
[2020/05/11 10:43:23 812] isr        1559 6400  2  
[2020/05/11 10:43:24 013] isr        1547 ASR_MSG_AUW,   cloud  
[2020/05/11 10:43:24 013] isr        1559 6400  2  
[2020/05/11 10:43:24 214] isr        1547 ASR_MSG_AUW,   cloud  
[2020/05/11 10:43:24 214] isr        1559 6400  2  
[2020/05/11 10:43:24 415] isr        1547 ASR_MSG_AUW,   cloud  
[2020/05/11 10:43:24 415] isr        1559 6400  2  
[2020/05/11 10:43:24 616] isr        1547 ASR_MSG_AUW,   cloud  
[2020/05/11 10:43:24 616] isr        1559 6400  2  
[2020/05/11 10:43:24 817] isr        1547 ASR_MSG_AUW,   cloud  
[2020/05/11 10:43:24 818] isr        1559 6400  2  
[2020/05/11 10:43:24 877] isr        662  cloud_rslt_cb status =   0  
[2020/05/11 10:43:24 877] isr        641  process_result call:  cloud  udata(cc02dc68) 0  nil  
[2020/05/11 10:43:25 018] isr        1547 ASR_MSG_AUW,   cloud  
[2020/05/11 10:43:25 018] isr        1559 7420  2  
[2020/05/11 10:43:25 219] isr        1547 ASR_MSG_AUW,   cloud  
[2020/05/11 10:43:25 219] isr        1559 0  4  
[2020/05/11 10:43:25 219] isr        1592 aud end, USER  
[2020/05/11 10:43:25 222] isr        854  [aud] speech end  
[2020/05/11 10:43:25 223] isr        798  3  msc  
[2020/05/11 10:43:25 224] isr        1636 ASR_MSG_GRSLT,   cloud  
[2020/05/11 10:43:25 224] isr        1335 0  udata(cc02dc68) 0  
[2020/05/11 10:43:25 266] isr        700  cloud_status_cb, eps:  3  
[2020/05/11 10:43:25 266] isr        798  3  cloud  
[2020/05/11 10:43:25 266] isr        800  already speech end  
[2020/05/11 10:43:25 271] isr        662  cloud_rslt_cb status =   5  
[2020/05/11 10:43:25 271] isr        641  process_result call:  cloud  udata(cc00a328) 5  nil  
[2020/05/11 10:43:25 271] isr        798  3  msc  
[2020/05/11 10:43:25 271] isr        800  already speech end  
[2020/05/11 10:43:25 375] isr        1636 ASR_MSG_GRSLT,   cloud  
[2020/05/11 10:43:25 375] isr        1335 0  udata(cc00a328) 5  
[2020/05/11 10:43:25 527] isr        1639 ASR_MSG_SSE,   cloud  
[2020/05/11 10:43:25 527] isr        1356 session_end() [in]  
[2020/05/11 10:43:25 527] isr        1421 cloud_session_end() [in]  
[2020/05/11 10:43:25 529] isr        1488 ns_host=  open.xf-yun.com  
[2020/05/11 10:43:25 530] isr        1498 tick()mod=  4589545  
[2020/05/11 10:43:25 530] isr        1499 tick()=  4589545  
[2020/05/11 10:43:25 530] isr        1501 diff=  4829  
[2020/05/11 10:43:25 530] isr        1514 cloud_session_end() [out]  
[2020/05/11 10:43:25 531] isr        1667 isr unload!  
============================================================
Time  2020/05/11 10:43:28 447 
============================================================
[2020/05/11 10:43:28 447] isr        1659 isr loaded!  
[2020/05/11 10:43:28 447] isr        1642 SYS_MSG_REGCB param0 =   msp_status_cb  param1 =   func(8002a4e0) 
[2020/05/11 10:43:28 448] isr        1537 ASR_MSG_SSB  
[2020/05/11 10:43:28 448] isr        1066 session_begin() [in], params:   sub = iat, domain = iat, language = zh_cn, accent = mandarin, sample_rate = 16000, result_type = plain, result_encoding = utf8  nil  
[2020/05/11 10:43:28 448] isr        927  vad_set [in]  
[2020/05/11 10:43:28 448] isr        962  vad_enable :  true  
[2020/05/11 10:43:28 448] isr        980  vad_bos :  10000  
[2020/05/11 10:43:28 448] isr        981  vad_eos :  2000  
[2020/05/11 10:43:28 448] isr        886  enable_vad [in]  
[2020/05/11 10:43:28 450] isr        918  vad enabled!  2000  10000  
[2020/05/11 10:43:28 450] isr        921  enable_vad [out]  
[2020/05/11 10:43:28 450] isr        987  vad_set [out] | ret =  0  
[2020/05/11 10:43:28 450] isr        1187 cur_engine_type =   cloud  
[2020/05/11 10:43:28 450] isr        1001 cloud_session_begin  
[2020/05/11 10:43:28 450] isr        1013 unknown  
[2020/05/11 10:43:28 459] isr        1547 ASR_MSG_AUW,   cloud  
[2020/05/11 10:43:28 460] isr        1559 6400  1  
[2020/05/11 10:43:28 460] isr        1569 once_bytes:   6400  
[2020/05/11 10:43:28 464] isr        851  [aud] speech start  
[2020/05/11 10:43:28 465] isr        798  1  msc  
[2020/05/11 10:43:28 657] isr        1547 ASR_MSG_AUW,   cloud  
[2020/05/11 10:43:28 657] isr        1559 6400  2  
[2020/05/11 10:43:28 716] isr        700  cloud_status_cb, eps:  1  
[2020/05/11 10:43:28 716] isr        798  1  cloud  
[2020/05/11 10:43:28 717] isr        813  cloud eps ignored  
[2020/05/11 10:43:28 858] isr        1547 ASR_MSG_AUW,   cloud  
[2020/05/11 10:43:28 858] isr        1559 6400  2  
[2020/05/11 10:43:29 058] isr        1547 ASR_MSG_AUW,   cloud  
[2020/05/11 10:43:29 059] isr        1559 6400  2  
[2020/05/11 10:43:29 259] isr        1547 ASR_MSG_AUW,   cloud  
[2020/05/11 10:43:29 259] isr        1559 6400  2  
[2020/05/11 10:43:29 460] isr        1547 ASR_MSG_AUW,   cloud  
[2020/05/11 10:43:29 460] isr        1559 6400  2  
[2020/05/11 10:43:29 661] isr        1547 ASR_MSG_AUW,   cloud  
[2020/05/11 10:43:29 661] isr        1559 6400  2  
[2020/05/11 10:43:29 862] isr        1547 ASR_MSG_AUW,   cloud  
[2020/05/11 10:43:29 862] isr        1559 6400  2  
[2020/05/11 10:43:30 062] isr        1547 ASR_MSG_AUW,   cloud  
[2020/05/11 10:43:30 063] isr        1559 6400  2  
[2020/05/11 10:43:30 263] isr        1547 ASR_MSG_AUW,   cloud  
[2020/05/11 10:43:30 263] isr        1559 6400  2  
[2020/05/11 10:43:30 464] isr        1547 ASR_MSG_AUW,   cloud  
[2020/05/11 10:43:30 464] isr        1559 6400  2  
[2020/05/11 10:43:30 665] isr        1547 ASR_MSG_AUW,   cloud  
[2020/05/11 10:43:30 665] isr        1559 6400  2  
[2020/05/11 10:43:30 865] isr        1547 ASR_MSG_AUW,   cloud  
[2020/05/11 10:43:30 865] isr        1559 6400  2  
[2020/05/11 10:43:31 066] isr        1547 ASR_MSG_AUW,   cloud  
[2020/05/11 10:43:31 066] isr        1559 6400  2  
[2020/05/11 10:43:31 267] isr        1547 ASR_MSG_AUW,   cloud  
[2020/05/11 10:43:31 267] isr        1559 6400  2  
[2020/05/11 10:43:31 468] isr        1547 ASR_MSG_AUW,   cloud  
[2020/05/11 10:43:31 468] isr        1559 6400  2  
[2020/05/11 10:43:31 669] isr        1547 ASR_MSG_AUW,   cloud  
[2020/05/11 10:43:31 669] isr        1559 6400  2  
[2020/05/11 10:43:31 870] isr        1547 ASR_MSG_AUW,   cloud  
[2020/05/11 10:43:31 870] isr        1559 6400  2  
[2020/05/11 10:43:32 071] isr        1547 ASR_MSG_AUW,   cloud  
[2020/05/11 10:43:32 071] isr        1559 6400  2  
[2020/05/11 10:43:32 272] isr        1547 ASR_MSG_AUW,   cloud  
[2020/05/11 10:43:32 272] isr        1559 6400  2  
[2020/05/11 10:43:32 473] isr        1547 ASR_MSG_AUW,   cloud  
[2020/05/11 10:43:32 473] isr        1559 6400  2  
[2020/05/11 10:43:32 674] isr        1547 ASR_MSG_AUW,   cloud  
[2020/05/11 10:43:32 674] isr        1559 6400  2  
[2020/05/11 10:43:32 733] isr        662  cloud_rslt_cb status =   0  
[2020/05/11 10:43:32 733] isr        641  process_result call:  cloud  udata(8004bac8) 0  nil  
[2020/05/11 10:43:32 875] isr        1547 ASR_MSG_AUW,   cloud  
[2020/05/11 10:43:32 875] isr        1559 7420  2  
[2020/05/11 10:43:33 076] isr        1547 ASR_MSG_AUW,   cloud  
[2020/05/11 10:43:33 076] isr        1559 0  4  
[2020/05/11 10:43:33 077] isr        1592 aud end, USER  
[2020/05/11 10:43:33 079] isr        854  [aud] speech end  
[2020/05/11 10:43:33 080] isr        798  3  msc  
[2020/05/11 10:43:33 081] isr        1636 ASR_MSG_GRSLT,   cloud  
[2020/05/11 10:43:33 081] isr        1335 0  udata(8004bac8) 0  
[2020/05/11 10:43:33 133] isr        700  cloud_status_cb, eps:  3  
[2020/05/11 10:43:33 133] isr        798  3  cloud  
[2020/05/11 10:43:33 133] isr        800  already speech end  
[2020/05/11 10:43:33 137] isr        662  cloud_rslt_cb status =   5  
[2020/05/11 10:43:33 137] isr        641  process_result call:  cloud  udata(8000ff68) 5  nil  
[2020/05/11 10:43:33 137] isr        798  3  msc  
[2020/05/11 10:43:33 137] isr        800  already speech end  
[2020/05/11 10:43:33 233] isr        1636 ASR_MSG_GRSLT,   cloud  
[2020/05/11 10:43:33 233] isr        1335 0  udata(8000ff68) 5  
[2020/05/11 10:43:33 384] isr        1639 ASR_MSG_SSE,   cloud  
[2020/05/11 10:43:33 385] isr        1356 session_end() [in]  
[2020/05/11 10:43:33 385] isr        1421 cloud_session_end() [in]  
[2020/05/11 10:43:33 387] isr        1488 ns_host=  open.xf-yun.com  
[2020/05/11 10:43:33 387] isr        1498 tick()mod=  4597403  
[2020/05/11 10:43:33 387] isr        1499 tick()=  4597403  
[2020/05/11 10:43:33 387] isr        1501 diff=  4822  
[2020/05/11 10:43:33 388] isr        1514 cloud_session_end() [out]  
[2020/05/11 10:43:33 389] isr        1667 isr unload!  
============================================================
Time  2020/05/11 10:49:20 305 
============================================================
[2020/05/11 10:49:20 305] isr        1659 isr loaded!  
[2020/05/11 10:49:20 305] isr        1642 SYS_MSG_REGCB param0 =   msp_status_cb  param1 =   func(9402f960) 
[2020/05/11 10:49:20 305] isr        1537 ASR_MSG_SSB  
[2020/05/11 10:49:20 305] isr        1066 session_begin() [in], params:   sub = iat, domain = iat, language = zh_cn, accent = mandarin, sample_rate = 16000, result_type = plain, result_encoding = utf8  nil  
[2020/05/11 10:49:20 305] isr        927  vad_set [in]  
[2020/05/11 10:49:20 305] isr        962  vad_enable :  true  
[2020/05/11 10:49:20 305] isr        980  vad_bos :  10000  
[2020/05/11 10:49:20 305] isr        981  vad_eos :  2000  
[2020/05/11 10:49:20 305] isr        886  enable_vad [in]  
[2020/05/11 10:49:20 305] isr        918  vad enabled!  2000  10000  
[2020/05/11 10:49:20 305] isr        921  enable_vad [out]  
[2020/05/11 10:49:20 305] isr        987  vad_set [out] | ret =  0  
[2020/05/11 10:49:20 305] isr        1187 cur_engine_type =   cloud  
[2020/05/11 10:49:20 306] isr        1001 cloud_session_begin  
[2020/05/11 10:49:20 306] isr        1013 unknown  
[2020/05/11 10:49:20 309] isr        1547 ASR_MSG_AUW,   cloud  
[2020/05/11 10:49:20 309] isr        1559 6400  1  
[2020/05/11 10:49:20 309] isr        1569 once_bytes:   6400  
[2020/05/11 10:49:20 310] isr        851  [aud] speech start  
[2020/05/11 10:49:20 310] isr        798  1  msc  
[2020/05/11 10:49:20 509] isr        1547 ASR_MSG_AUW,   cloud  
[2020/05/11 10:49:20 509] isr        1559 6400  2  
[2020/05/11 10:49:20 551] isr        700  cloud_status_cb, eps:  1  
[2020/05/11 10:49:20 552] isr        798  1  cloud  
[2020/05/11 10:49:20 552] isr        813  cloud eps ignored  
[2020/05/11 10:49:20 710] isr        1547 ASR_MSG_AUW,   cloud  
[2020/05/11 10:49:20 710] isr        1559 6400  2  
[2020/05/11 10:49:20 910] isr        1547 ASR_MSG_AUW,   cloud  
[2020/05/11 10:49:20 911] isr        1559 6400  2  
[2020/05/11 10:49:21 111] isr        1547 ASR_MSG_AUW,   cloud  
[2020/05/11 10:49:21 111] isr        1559 6400  2  
[2020/05/11 10:49:21 312] isr        1547 ASR_MSG_AUW,   cloud  
[2020/05/11 10:49:21 312] isr        1559 6400  2  
[2020/05/11 10:49:21 513] isr        1547 ASR_MSG_AUW,   cloud  
[2020/05/11 10:49:21 513] isr        1559 6400  2  
[2020/05/11 10:49:21 714] isr        1547 ASR_MSG_AUW,   cloud  
[2020/05/11 10:49:21 714] isr        1559 6400  2  
[2020/05/11 10:49:21 914] isr        1547 ASR_MSG_AUW,   cloud  
[2020/05/11 10:49:21 915] isr        1559 6400  2  
[2020/05/11 10:49:22 115] isr        1547 ASR_MSG_AUW,   cloud  
[2020/05/11 10:49:22 116] isr        1559 6400  2  
[2020/05/11 10:49:22 316] isr        1547 ASR_MSG_AUW,   cloud  
[2020/05/11 10:49:22 317] isr        1559 6400  2  
[2020/05/11 10:49:22 518] isr        1547 ASR_MSG_AUW,   cloud  
[2020/05/11 10:49:22 518] isr        1559 6400  2  
[2020/05/11 10:49:22 718] isr        1547 ASR_MSG_AUW,   cloud  
[2020/05/11 10:49:22 718] isr        1559 6400  2  
[2020/05/11 10:49:22 920] isr        1547 ASR_MSG_AUW,   cloud  
[2020/05/11 10:49:22 920] isr        1559 6400  2  
[2020/05/11 10:49:23 121] isr        1547 ASR_MSG_AUW,   cloud  
[2020/05/11 10:49:23 121] isr        1559 6400  2  
[2020/05/11 10:49:23 322] isr        1547 ASR_MSG_AUW,   cloud  
[2020/05/11 10:49:23 322] isr        1559 6400  2  
[2020/05/11 10:49:23 523] isr        1547 ASR_MSG_AUW,   cloud  
[2020/05/11 10:49:23 523] isr        1559 6400  2  
[2020/05/11 10:49:23 724] isr        1547 ASR_MSG_AUW,   cloud  
[2020/05/11 10:49:23 724] isr        1559 6400  2  
[2020/05/11 10:49:23 925] isr        1547 ASR_MSG_AUW,   cloud  
[2020/05/11 10:49:23 925] isr        1559 6400  2  
[2020/05/11 10:49:24 126] isr        1547 ASR_MSG_AUW,   cloud  
[2020/05/11 10:49:24 126] isr        1559 6400  2  
[2020/05/11 10:49:24 327] isr        1547 ASR_MSG_AUW,   cloud  
[2020/05/11 10:49:24 327] isr        1559 6400  2  
[2020/05/11 10:49:24 527] isr        1547 ASR_MSG_AUW,   cloud  
[2020/05/11 10:49:24 527] isr        1559 6400  2  
[2020/05/11 10:49:24 587] isr        662  cloud_rslt_cb status =   0  
[2020/05/11 10:49:24 587] isr        641  process_result call:  cloud  udata(940348f8) 0  nil  
[2020/05/11 10:49:24 728] isr        1547 ASR_MSG_AUW,   cloud  
[2020/05/11 10:49:24 729] isr        1559 7420  2  
[2020/05/11 10:49:24 929] isr        1547 ASR_MSG_AUW,   cloud  
[2020/05/11 10:49:24 929] isr        1559 0  4  
[2020/05/11 10:49:24 930] isr        1592 aud end, USER  
[2020/05/11 10:49:24 931] isr        854  [aud] speech end  
[2020/05/11 10:49:24 932] isr        798  3  msc  
[2020/05/11 10:49:24 933] isr        1636 ASR_MSG_GRSLT,   cloud  
[2020/05/11 10:49:24 933] isr        1335 0  udata(940348f8) 0  
[2020/05/11 10:49:24 977] isr        700  cloud_status_cb, eps:  3  
[2020/05/11 10:49:24 977] isr        798  3  cloud  
[2020/05/11 10:49:24 977] isr        800  already speech end  
[2020/05/11 10:49:24 981] isr        662  cloud_rslt_cb status =   5  
[2020/05/11 10:49:24 981] isr        641  process_result call:  cloud  udata(94034248) 5  nil  
[2020/05/11 10:49:24 981] isr        798  3  msc  
[2020/05/11 10:49:24 981] isr        800  already speech end  
[2020/05/11 10:49:25 085] isr        1636 ASR_MSG_GRSLT,   cloud  
[2020/05/11 10:49:25 085] isr        1335 0  udata(94034248) 5  
[2020/05/11 10:49:25 236] isr        1639 ASR_MSG_SSE,   cloud  
[2020/05/11 10:49:25 236] isr        1356 session_end() [in]  
[2020/05/11 10:49:25 236] isr        1421 cloud_session_end() [in]  
[2020/05/11 10:49:25 238] isr        1488 ns_host=  open.xf-yun.com  
[2020/05/11 10:49:25 239] isr        1498 tick()mod=  4949254  
[2020/05/11 10:49:25 239] isr        1499 tick()=  4949254  
[2020/05/11 10:49:25 239] isr        1501 diff=  4827  
[2020/05/11 10:49:25 239] isr        1514 cloud_session_end() [out]  
[2020/05/11 10:49:25 240] isr        1667 isr unload!  
============================================================
Time  2020/05/12 00:02:39 665 
============================================================
[2020/05/12 00:02:39 665] isr        1659 isr loaded!  
[2020/05/12 00:02:39 674] isr        1642 SYS_MSG_REGCB param0 =   msp_status_cb  param1 =   func(3c067a90) 
[2020/05/12 00:02:39 674] isr        1537 ASR_MSG_SSB  
[2020/05/12 00:02:39 674] isr        1066 session_begin() [in], params:   sub = iat, domain = iat, language = zh_cn, accent = mandarin, sample_rate = 16000, result_type = plain, result_encoding = utf8  nil  
[2020/05/12 00:02:39 674] isr        927  vad_set [in]  
[2020/05/12 00:02:39 674] isr        962  vad_enable :  true  
[2020/05/12 00:02:39 674] isr        980  vad_bos :  10000  
[2020/05/12 00:02:39 674] isr        981  vad_eos :  2000  
[2020/05/12 00:02:39 674] isr        886  enable_vad [in]  
[2020/05/12 00:02:39 694] isr        918  vad enabled!  2000  10000  
[2020/05/12 00:02:39 694] isr        921  enable_vad [out]  
[2020/05/12 00:02:39 694] isr        987  vad_set [out] | ret =  0  
[2020/05/12 00:02:39 694] isr        1187 cur_engine_type =   cloud  
[2020/05/12 00:02:39 694] isr        1001 cloud_session_begin  
[2020/05/12 00:02:39 694] isr        1013 unknown  
[2020/05/12 00:02:39 852] isr        1547 ASR_MSG_AUW,   cloud  
[2020/05/12 00:02:39 852] isr        1559 3200  1  
[2020/05/12 00:02:39 852] isr        1569 once_bytes:   3200  
[2020/05/12 00:02:39 855] isr        851  [aud] speech start  
[2020/05/12 00:02:39 855] isr        798  1  msc  
[2020/05/12 00:02:40 012] isr        1547 ASR_MSG_AUW,   cloud  
[2020/05/12 00:02:40 012] isr        1559 3200  2  
[2020/05/12 00:02:40 013] isr        1547 ASR_MSG_AUW,   cloud  
[2020/05/12 00:02:40 013] isr        1559 3200  2  
[2020/05/12 00:02:40 059] isr        700  cloud_status_cb, eps:  1  
[2020/05/12 00:02:40 059] isr        798  1  cloud  
[2020/05/12 00:02:40 059] isr        813  cloud eps ignored  
[2020/05/12 00:02:40 175] isr        1547 ASR_MSG_AUW,   cloud  
[2020/05/12 00:02:40 175] isr        1559 3200  2  
[2020/05/12 00:02:40 176] isr        1547 ASR_MSG_AUW,   cloud  
[2020/05/12 00:02:40 176] isr        1559 3200  2  
[2020/05/12 00:02:40 332] isr        1547 ASR_MSG_AUW,   cloud  
[2020/05/12 00:02:40 332] isr        1559 3200  2  
[2020/05/12 00:02:40 496] isr        1547 ASR_MSG_AUW,   cloud  
[2020/05/12 00:02:40 496] isr        1559 3200  2  
[2020/05/12 00:02:40 497] isr        1547 ASR_MSG_AUW,   cloud  
[2020/05/12 00:02:40 497] isr        1559 3200  2  
[2020/05/12 00:02:40 659] isr        1547 ASR_MSG_AUW,   cloud  
[2020/05/12 00:02:40 660] isr        1559 3200  2  
[2020/05/12 00:02:40 661] isr        1547 ASR_MSG_AUW,   cloud  
[2020/05/12 00:02:40 661] isr        1559 3200  2  
[2020/05/12 00:02:40 822] isr        1547 ASR_MSG_AUW,   cloud  
[2020/05/12 00:02:40 822] isr        1559 3200  2  
[2020/05/12 00:02:40 973] isr        1547 ASR_MSG_AUW,   cloud  
[2020/05/12 00:02:40 973] isr        1559 3200  2  
[2020/05/12 00:02:40 974] isr        1547 ASR_MSG_AUW,   cloud  
[2020/05/12 00:02:40 974] isr        1559 3200  2  
[2020/05/12 00:02:41 137] isr        1547 ASR_MSG_AUW,   cloud  
[2020/05/12 00:02:41 137] isr        1559 3200  2  
[2020/05/12 00:02:41 300] isr        1547 ASR_MSG_AUW,   cloud  
[2020/05/12 00:02:41 300] isr        1559 3200  2  
[2020/05/12 00:02:41 301] isr        1547 ASR_MSG_AUW,   cloud  
[2020/05/12 00:02:41 301] isr        1559 3200  2  
[2020/05/12 00:02:41 463] isr        1547 ASR_MSG_AUW,   cloud  
[2020/05/12 00:02:41 464] isr        1559 3200  2  
[2020/05/12 00:02:41 464] isr        1547 ASR_MSG_AUW,   cloud  
[2020/05/12 00:02:41 464] isr        1559 3200  2  
[2020/05/12 00:02:41 626] isr        1547 ASR_MSG_AUW,   cloud  
[2020/05/12 00:02:41 626] isr        1559 3200  2  
[2020/05/12 00:02:41 789] isr        1547 ASR_MSG_AUW,   cloud  
[2020/05/12 00:02:41 790] isr        1559 3200  2  
[2020/05/12 00:02:41 790] isr        1547 ASR_MSG_AUW,   cloud  
[2020/05/12 00:02:41 790] isr        1559 3200  2  
[2020/05/12 00:02:41 952] isr        1547 ASR_MSG_AUW,   cloud  
[2020/05/12 00:02:41 953] isr        1559 3200  2  
[2020/05/12 00:02:41 954] isr        1547 ASR_MSG_AUW,   cloud  
[2020/05/12 00:02:41 954] isr        1559 3200  2  
[2020/05/12 00:02:42 116] isr        1547 ASR_MSG_AUW,   cloud  
[2020/05/12 00:02:42 116] isr        1559 3200  2  
[2020/05/12 00:02:42 254] isr        1547 ASR_MSG_AUW,   cloud  
[2020/05/12 00:02:42 254] isr        1559 3200  2  
[2020/05/12 00:02:42 255] isr        1547 ASR_MSG_AUW,   cloud  
[2020/05/12 00:02:42 255] isr        1559 3200  2  
[2020/05/12 00:02:42 418] isr        1547 ASR_MSG_AUW,   cloud  
[2020/05/12 00:02:42 418] isr        1559 3200  2  
[2020/05/12 00:02:42 582] isr        1547 ASR_MSG_AUW,   cloud  
[2020/05/12 00:02:42 582] isr        1559 3200  2  
[2020/05/12 00:02:42 583] isr        1547 ASR_MSG_AUW,   cloud  
[2020/05/12 00:02:42 583] isr        1559 3200  2  
[2020/05/12 00:02:42 746] isr        1547 ASR_MSG_AUW,   cloud  
[2020/05/12 00:02:42 746] isr        1559 3200  2  
[2020/05/12 00:02:42 909] isr        1547 ASR_MSG_AUW,   cloud  
[2020/05/12 00:02:42 910] isr        1559 3200  2  
[2020/05/12 00:02:42 910] isr        1547 ASR_MSG_AUW,   cloud  
[2020/05/12 00:02:42 910] isr        1559 3200  2  
[2020/05/12 00:02:43 072] isr        1547 ASR_MSG_AUW,   cloud  
[2020/05/12 00:02:43 073] isr        1559 3200  2  
[2020/05/12 00:02:43 074] isr        1547 ASR_MSG_AUW,   cloud  
[2020/05/12 00:02:43 074] isr        1559 3200  2  
[2020/05/12 00:02:43 236] isr        1547 ASR_MSG_AUW,   cloud  
[2020/05/12 00:02:43 237] isr        1559 3200  2  
[2020/05/12 00:02:43 401] isr        1547 ASR_MSG_AUW,   cloud  
[2020/05/12 00:02:43 401] isr        1559 3200  2  
[2020/05/12 00:02:43 402] isr        1547 ASR_MSG_AUW,   cloud  
[2020/05/12 00:02:43 402] isr        1559 3200  2  
[2020/05/12 00:02:43 564] isr        1547 ASR_MSG_AUW,   cloud  
[2020/05/12 00:02:43 565] isr        1559 3200  2  
[2020/05/12 00:02:43 566] isr        1547 ASR_MSG_AUW,   cloud  
[2020/05/12 00:02:43 566] isr        1559 3200  2  
[2020/05/12 00:02:43 729] isr        1547 ASR_MSG_AUW,   cloud  
[2020/05/12 00:02:43 729] isr        1559 3200  2  
[2020/05/12 00:02:43 892] isr        1547 ASR_MSG_AUW,   cloud  
[2020/05/12 00:02:43 892] isr        1559 3200  2  
[2020/05/12 00:02:43 894] isr        1547 ASR_MSG_AUW,   cloud  
[2020/05/12 00:02:43 894] isr        1559 3200  2  
[2020/05/12 00:02:44 055] isr        1547 ASR_MSG_AUW,   cloud  
[2020/05/12 00:02:44 056] isr        1559 3200  2  
[2020/05/12 00:02:44 057] isr        1547 ASR_MSG_AUW,   cloud  
[2020/05/12 00:02:44 057] isr        1559 3200  2  
[2020/05/12 00:02:44 219] isr        1547 ASR_MSG_AUW,   cloud  
[2020/05/12 00:02:44 219] isr        1559 3200  2  
[2020/05/12 00:02:44 381] isr        1547 ASR_MSG_AUW,   cloud  
[2020/05/12 00:02:44 382] isr        1559 3200  2  
[2020/05/12 00:02:44 383] isr        1547 ASR_MSG_AUW,   cloud  
[2020/05/12 00:02:44 383] isr        1559 3200  2  
[2020/05/12 00:02:44 544] isr        1547 ASR_MSG_AUW,   cloud  
[2020/05/12 00:02:44 545] isr        1559 3200  2  
[2020/05/12 00:02:44 708] isr        1547 ASR_MSG_AUW,   cloud  
[2020/05/12 00:02:44 708] isr        1559 3200  2  
[2020/05/12 00:02:44 709] isr        1547 ASR_MSG_AUW,   cloud  
[2020/05/12 00:02:44 709] isr        1559 3200  2  
[2020/05/12 00:02:44 871] isr        1547 ASR_MSG_AUW,   cloud  
[2020/05/12 00:02:44 871] isr        1559 3200  2  
[2020/05/12 00:02:44 872] isr        1547 ASR_MSG_AUW,   cloud  
[2020/05/12 00:02:44 872] isr        1559 3200  2  
[2020/05/12 00:02:44 919] isr        662  cloud_rslt_cb status =   0  
[2020/05/12 00:02:44 919] isr        641  process_result call:  cloud  udata(3c025f48) 0  nil  
[2020/05/12 00:02:45 035] isr        1547 ASR_MSG_AUW,   cloud  
[2020/05/12 00:02:45 035] isr        1559 3200  2  
[2020/05/12 00:02:45 198] isr        1547 ASR_MSG_AUW,   cloud  
[2020/05/12 00:02:45 198] isr        1559 3200  2  
[2020/05/12 00:02:45 198] isr        1636 ASR_MSG_GRSLT,   cloud  
[2020/05/12 00:02:45 199] isr        1335 0  udata(3c025f48) 0  
[2020/05/12 00:02:45 200] isr        1547 ASR_MSG_AUW,   cloud  
[2020/05/12 00:02:45 200] isr        1559 3200  2  
[2020/05/12 00:02:45 201] isr        1636 ASR_MSG_GRSLT,   cloud  
[2020/05/12 00:02:45 201] isr        1335 0  nil  2  
[2020/05/12 00:02:45 336] isr        1547 ASR_MSG_AUW,   cloud  
[2020/05/12 00:02:45 337] isr        1559 3200  2  
[2020/05/12 00:02:45 500] isr        1547 ASR_MSG_AUW,   cloud  
[2020/05/12 00:02:45 500] isr        1559 3200  2  
[2020/05/12 00:02:45 501] isr        1547 ASR_MSG_AUW,   cloud  
[2020/05/12 00:02:45 501] isr        1559 3200  2  
[2020/05/12 00:02:45 663] isr        1547 ASR_MSG_AUW,   cloud  
[2020/05/12 00:02:45 663] isr        1559 3200  2  
[2020/05/12 00:02:45 664] isr        1547 ASR_MSG_AUW,   cloud  
[2020/05/12 00:02:45 664] isr        1559 3200  2  
[2020/05/12 00:02:45 826] isr        1547 ASR_MSG_AUW,   cloud  
[2020/05/12 00:02:45 826] isr        1559 3200  2  
[2020/05/12 00:02:45 828] isr        854  [aud] speech end  
[2020/05/12 00:02:45 828] isr        798  3  msc  
[2020/05/12 00:02:45 829] isr        864  aud end, MSC VAD  
[2020/05/12 00:02:45 908] isr        700  cloud_status_cb, eps:  3  
[2020/05/12 00:02:45 908] isr        798  3  cloud  
[2020/05/12 00:02:45 909] isr        800  already speech end  
[2020/05/12 00:02:45 912] isr        662  cloud_rslt_cb status =   5  
[2020/05/12 00:02:45 912] isr        641  process_result call:  cloud  udata(3c00fdd8) 5  nil  
[2020/05/12 00:02:45 912] isr        798  3  msc  
[2020/05/12 00:02:45 912] isr        800  already speech end  
[2020/05/12 00:02:45 989] isr        1547 ASR_MSG_AUW,   cloud  
[2020/05/12 00:02:45 989] isr        1559 3200  2  
[2020/05/12 00:02:45 990] isr        1636 ASR_MSG_GRSLT,   cloud  
[2020/05/12 00:02:45 991] isr        1335 0  udata(3c00fdd8) 5  
[2020/05/12 00:02:46 092] isr        1639 ASR_MSG_SSE,   cloud  
[2020/05/12 00:02:46 092] isr        1356 session_end() [in]  
[2020/05/12 00:02:46 092] isr        1421 cloud_session_end() [in]  
[2020/05/12 00:02:46 094] isr        1488 ns_host=  open.xf-yun.com  
[2020/05/12 00:02:46 095] isr        1498 tick()mod=  1821629  
[2020/05/12 00:02:46 095] isr        1499 tick()=  1821629  
[2020/05/12 00:02:46 095] isr        1501 diff=  6291  
[2020/05/12 00:02:46 096] isr        1514 cloud_session_end() [out]  
[2020/05/12 00:02:46 096] isr        1667 isr unload!  
============================================================
Time  2020/05/12 00:03:15 053 
============================================================
[2020/05/12 00:03:15 054] isr        1659 isr loaded!  
[2020/05/12 00:03:15 054] isr        1642 SYS_MSG_REGCB param0 =   msp_status_cb  param1 =   func(a80266b0) 
[2020/05/12 00:03:15 054] isr        1537 ASR_MSG_SSB  
[2020/05/12 00:03:15 054] isr        1066 session_begin() [in], params:   sub = iat, domain = iat, language = zh_cn, accent = mandarin, sample_rate = 16000, result_type = plain, result_encoding = utf8  nil  
[2020/05/12 00:03:15 055] isr        927  vad_set [in]  
[2020/05/12 00:03:15 055] isr        962  vad_enable :  true  
[2020/05/12 00:03:15 055] isr        980  vad_bos :  10000  
[2020/05/12 00:03:15 055] isr        981  vad_eos :  2000  
[2020/05/12 00:03:15 055] isr        886  enable_vad [in]  
[2020/05/12 00:03:15 056] isr        918  vad enabled!  2000  10000  
[2020/05/12 00:03:15 056] isr        921  enable_vad [out]  
[2020/05/12 00:03:15 056] isr        987  vad_set [out] | ret =  0  
[2020/05/12 00:03:15 056] isr        1187 cur_engine_type =   cloud  
[2020/05/12 00:03:15 056] isr        1001 cloud_session_begin  
[2020/05/12 00:03:15 056] isr        1013 unknown  
[2020/05/12 00:03:15 295] isr        1547 ASR_MSG_AUW,   cloud  
[2020/05/12 00:03:15 296] isr        1559 3200  1  
[2020/05/12 00:03:15 297] isr        1569 once_bytes:   3200  
[2020/05/12 00:03:15 298] isr        1547 ASR_MSG_AUW,   cloud  
[2020/05/12 00:03:15 298] isr        1559 3200  2  
[2020/05/12 00:03:15 300] isr        851  [aud] speech start  
[2020/05/12 00:03:15 300] isr        798  1  msc  
[2020/05/12 00:03:15 348] isr        700  cloud_status_cb, eps:  1  
[2020/05/12 00:03:15 349] isr        798  1  cloud  
[2020/05/12 00:03:15 349] isr        813  cloud eps ignored  
[2020/05/12 00:03:15 457] isr        1547 ASR_MSG_AUW,   cloud  
[2020/05/12 00:03:15 457] isr        1559 3200  2  
[2020/05/12 00:03:15 458] isr        1547 ASR_MSG_AUW,   cloud  
[2020/05/12 00:03:15 458] isr        1559 3200  2  
[2020/05/12 00:03:15 620] isr        1547 ASR_MSG_AUW,   cloud  
[2020/05/12 00:03:15 620] isr        1559 3200  2  
[2020/05/12 00:03:15 777] isr        1547 ASR_MSG_AUW,   cloud  
[2020/05/12 00:03:15 777] isr        1559 3200  2  
[2020/05/12 00:03:15 779] isr        1547 ASR_MSG_AUW,   cloud  
[2020/05/12 00:03:15 779] isr        1559 3200  2  
[2020/05/12 00:03:15 940] isr        1547 ASR_MSG_AUW,   cloud  
[2020/05/12 00:03:15 941] isr        1559 3200  2  
[2020/05/12 00:03:16 104] isr        1547 ASR_MSG_AUW,   cloud  
[2020/05/12 00:03:16 105] isr        1559 3200  2  
[2020/05/12 00:03:16 105] isr        1547 ASR_MSG_AUW,   cloud  
[2020/05/12 00:03:16 105] isr        1559 3200  2  
[2020/05/12 00:03:16 268] isr        1547 ASR_MSG_AUW,   cloud  
[2020/05/12 00:03:16 268] isr        1559 3200  2  
[2020/05/12 00:03:16 269] isr        1547 ASR_MSG_AUW,   cloud  
[2020/05/12 00:03:16 269] isr        1559 3200  2  
[2020/05/12 00:03:16 418] isr        1547 ASR_MSG_AUW,   cloud  
[2020/05/12 00:03:16 418] isr        1559 3200  2  
[2020/05/12 00:03:16 581] isr        1547 ASR_MSG_AUW,   cloud  
[2020/05/12 00:03:16 581] isr        1559 3200  2  
[2020/05/12 00:03:16 582] isr        1547 ASR_MSG_AUW,   cloud  
[2020/05/12 00:03:16 583] isr        1559 3200  2  
[2020/05/12 00:03:16 744] isr        1547 ASR_MSG_AUW,   cloud  
[2020/05/12 00:03:16 744] isr        1559 3200  2  
[2020/05/12 00:03:16 907] isr        1547 ASR_MSG_AUW,   cloud  
[2020/05/12 00:03:16 907] isr        1559 3200  2  
[2020/05/12 00:03:16 908] isr        1547 ASR_MSG_AUW,   cloud  
[2020/05/12 00:03:16 908] isr        1559 3200  2  
[2020/05/12 00:03:17 070] isr        1547 ASR_MSG_AUW,   cloud  
[2020/05/12 00:03:17 071] isr        1559 3200  2  
[2020/05/12 00:03:17 072] isr        1547 ASR_MSG_AUW,   cloud  
[2020/05/12 00:03:17 072] isr        1559 3200  2  
[2020/05/12 00:03:17 233] isr        1547 ASR_MSG_AUW,   cloud  
[2020/05/12 00:03:17 233] isr        1559 3200  2  
[2020/05/12 00:03:17 397] isr        1547 ASR_MSG_AUW,   cloud  
[2020/05/12 00:03:17 397] isr        1559 3200  2  
[2020/05/12 00:03:17 398] isr        1547 ASR_MSG_AUW,   cloud  
[2020/05/12 00:03:17 398] isr        1559 3200  2  
[2020/05/12 00:03:17 560] isr        1547 ASR_MSG_AUW,   cloud  
[2020/05/12 00:03:17 561] isr        1559 3200  2  
[2020/05/12 00:03:17 562] isr        1547 ASR_MSG_AUW,   cloud  
[2020/05/12 00:03:17 562] isr        1559 3200  2  
[2020/05/12 00:03:17 699] isr        1547 ASR_MSG_AUW,   cloud  
[2020/05/12 00:03:17 699] isr        1559 3200  2  
[2020/05/12 00:03:17 741] isr        662  cloud_rslt_cb status =   0  
[2020/05/12 00:03:17 741] isr        641  process_result call:  cloud  udata(a80441d8) 0  nil  
[2020/05/12 00:03:17 862] isr        1547 ASR_MSG_AUW,   cloud  
[2020/05/12 00:03:17 862] isr        1559 3200  2  
[2020/05/12 00:03:17 863] isr        1547 ASR_MSG_AUW,   cloud  
[2020/05/12 00:03:17 863] isr        1559 3200  2  
[2020/05/12 00:03:18 026] isr        1547 ASR_MSG_AUW,   cloud  
[2020/05/12 00:03:18 026] isr        1559 3200  2  
[2020/05/12 00:03:18 027] isr        1636 ASR_MSG_GRSLT,   cloud  
[2020/05/12 00:03:18 027] isr        1335 0  udata(a80441d8) 0  
[2020/05/12 00:03:18 190] isr        1547 ASR_MSG_AUW,   cloud  
[2020/05/12 00:03:18 190] isr        1559 3200  2  
[2020/05/12 00:03:18 191] isr        1636 ASR_MSG_GRSLT,   cloud  
[2020/05/12 00:03:18 191] isr        1335 0  nil  2  
[2020/05/12 00:03:18 192] isr        1547 ASR_MSG_AUW,   cloud  
[2020/05/12 00:03:18 192] isr        1559 3200  2  
[2020/05/12 00:03:18 354] isr        1547 ASR_MSG_AUW,   cloud  
[2020/05/12 00:03:18 354] isr        1559 3200  2  
[2020/05/12 00:03:18 355] isr        1547 ASR_MSG_AUW,   cloud  
[2020/05/12 00:03:18 355] isr        1559 3200  2  
[2020/05/12 00:03:18 517] isr        1547 ASR_MSG_AUW,   cloud  
[2020/05/12 00:03:18 517] isr        1559 3200  2  
[2020/05/12 00:03:18 680] isr        1547 ASR_MSG_AUW,   cloud  
[2020/05/12 00:03:18 681] isr        1559 3200  2  
[2020/05/12 00:03:18 682] isr        1547 ASR_MSG_AUW,   cloud  
[2020/05/12 00:03:18 682] isr        1559 3200  2  
[2020/05/12 00:03:18 843] isr        1547 ASR_MSG_AUW,   cloud  
[2020/05/12 00:03:18 843] isr        1559 3200  2  
[2020/05/12 00:03:18 845] isr        854  [aud] speech end  
[2020/05/12 00:03:18 845] isr        798  3  msc  
[2020/05/12 00:03:18 845] isr        864  aud end, MSC VAD  
[2020/05/12 00:03:18 891] isr        700  cloud_status_cb, eps:  3  
[2020/05/12 00:03:18 891] isr        798  3  cloud  
[2020/05/12 00:03:18 891] isr        800  already speech end  
[2020/05/12 00:03:18 894] isr        662  cloud_rslt_cb status =   5  
[2020/05/12 00:03:18 894] isr        641  process_result call:  cloud  udata(a804b8a8) 5  nil  
[2020/05/12 00:03:18 894] isr        798  3  msc  
[2020/05/12 00:03:18 894] isr        800  already speech end  
[2020/05/12 00:03:19 007] isr        1547 ASR_MSG_AUW,   cloud  
[2020/05/12 00:03:19 007] isr        1559 3200  2  
[2020/05/12 00:03:19 008] isr        1636 ASR_MSG_GRSLT,   cloud  
[2020/05/12 00:03:19 008] isr        1335 0  udata(a804b8a8) 5  
[2020/05/12 00:03:19 109] isr        1639 ASR_MSG_SSE,   cloud  
[2020/05/12 00:03:19 109] isr        1356 session_end() [in]  
[2020/05/12 00:03:19 109] isr        1421 cloud_session_end() [in]  
[2020/05/12 00:03:19 111] isr        1488 ns_host=  open.xf-yun.com  
[2020/05/12 00:03:19 112] isr        1498 tick()mod=  1854645  
[2020/05/12 00:03:19 112] isr        1499 tick()=  1854646  
[2020/05/12 00:03:19 112] isr        1501 diff=  3955  
[2020/05/12 00:03:19 112] isr        1514 cloud_session_end() [out]  
[2020/05/12 00:03:19 113] isr        1667 isr unload!  
