Determining if the pthread_create exist failed with the following output:
Change Dir: /home/hans/ROS-wheeled-robot-master/melodic/build/CMakeFiles/CMakeTmp

Run Build Command:"/usr/bin/make" "cmTC_3a2cb/fast"
/usr/bin/make -f CMakeFiles/cmTC_3a2cb.dir/build.make CMakeFiles/cmTC_3a2cb.dir/build
make[1]: Entering directory '/home/hans/ROS-wheeled-robot-master/melodic/build/CMakeFiles/CMakeTmp'
Building C object CMakeFiles/cmTC_3a2cb.dir/CheckSymbolExists.c.o
/usr/bin/cc    -o CMakeFiles/cmTC_3a2cb.dir/CheckSymbolExists.c.o   -c /home/hans/ROS-wheeled-robot-master/melodic/build/CMakeFiles/CMakeTmp/CheckSymbolExists.c
Linking C executable cmTC_3a2cb
/usr/bin/cmake -E cmake_link_script CMakeFiles/cmTC_3a2cb.dir/link.txt --verbose=1
/usr/bin/cc      -rdynamic CMakeFiles/cmTC_3a2cb.dir/CheckSymbolExists.c.o  -o cmTC_3a2cb 
CMakeFiles/cmTC_3a2cb.dir/CheckSymbolExists.c.o: In function `main':
CheckSymbolExists.c:(.text+0x1b): undefined reference to `pthread_create'
collect2: error: ld returned 1 exit status
CMakeFiles/cmTC_3a2cb.dir/build.make:97: recipe for target 'cmTC_3a2cb' failed
make[1]: *** [cmTC_3a2cb] Error 1
make[1]: Leaving directory '/home/hans/ROS-wheeled-robot-master/melodic/build/CMakeFiles/CMakeTmp'
Makefile:126: recipe for target 'cmTC_3a2cb/fast' failed
make: *** [cmTC_3a2cb/fast] Error 2

File /home/hans/ROS-wheeled-robot-master/melodic/build/CMakeFiles/CMakeTmp/CheckSymbolExists.c:
/* */
#include <pthread.h>

int main(int argc, char** argv)
{
  (void)argv;
#ifndef pthread_create
  return ((int*)(&pthread_create))[argc];
#else
  (void)argc;
  return 0;
#endif
}

Determining if the function pthread_create exists in the pthreads failed with the following output:
Change Dir: /home/hans/ROS-wheeled-robot-master/melodic/build/CMakeFiles/CMakeTmp

Run Build Command:"/usr/bin/make" "cmTC_8503d/fast"
/usr/bin/make -f CMakeFiles/cmTC_8503d.dir/build.make CMakeFiles/cmTC_8503d.dir/build
make[1]: Entering directory '/home/hans/ROS-wheeled-robot-master/melodic/build/CMakeFiles/CMakeTmp'
Building C object CMakeFiles/cmTC_8503d.dir/CheckFunctionExists.c.o
/usr/bin/cc   -DCHECK_FUNCTION_EXISTS=pthread_create   -o CMakeFiles/cmTC_8503d.dir/CheckFunctionExists.c.o   -c /usr/share/cmake-3.10/Modules/CheckFunctionExists.c
Linking C executable cmTC_8503d
/usr/bin/cmake -E cmake_link_script CMakeFiles/cmTC_8503d.dir/link.txt --verbose=1
/usr/bin/cc  -DCHECK_FUNCTION_EXISTS=pthread_create    -rdynamic CMakeFiles/cmTC_8503d.dir/CheckFunctionExists.c.o  -o cmTC_8503d -lpthreads 
/usr/bin/ld: cannot find -lpthreads
collect2: error: ld returned 1 exit status
CMakeFiles/cmTC_8503d.dir/build.make:97: recipe for target 'cmTC_8503d' failed
make[1]: *** [cmTC_8503d] Error 1
make[1]: Leaving directory '/home/hans/ROS-wheeled-robot-master/melodic/build/CMakeFiles/CMakeTmp'
Makefile:126: recipe for target 'cmTC_8503d/fast' failed
make: *** [cmTC_8503d/fast] Error 2


